<?xml version="1.0" encoding="UTF-8"?>
<!-- Generated by org.testng.reporters.JUnitReportReporter -->
<testsuite hostname="marvin" name="com.example.tests.ContactCreationTest" tests="1" failures="0" timestamp="27 Mar 2014 22:32:10 GMT" time="3.185" errors="0">
  <testcase name="testContactCreation" time="3.185" classname="com.example.tests.ContactCreationTest"/>
</testsuite> <!-- com.example.tests.ContactCreationTest -->
