<?xml version="1.0" encoding="UTF-8"?>
<!-- Generated by org.testng.reporters.JUnitReportReporter -->
<testsuite hostname="testing1" name="com.example.tests.GroupCreationTest" tests="1" failures="0" timestamp="13 Mar 2014 14:11:22 GMT" time="1.462" errors="0">
  <testcase name="testNonEmptyGroupCreation" time="1.462" classname="com.example.tests.GroupCreationTest"/>
</testsuite> <!-- com.example.tests.GroupCreationTest -->
