<?xml version="1.0" encoding="UTF-8"?>
<!-- Generated by org.testng.reporters.JUnitReportReporter -->
<testsuite hostname="testing1" name="com.example.tests.EmptyContactCreationTest" tests="1" failures="0" timestamp="27 Mar 2014 16:53:07 GMT" time="0.897" errors="0">
  <testcase name="testEmptyContactCreation" time="0.897" classname="com.example.tests.EmptyContactCreationTest"/>
</testsuite> <!-- com.example.tests.EmptyContactCreationTest -->
