<?xml version="1.0" encoding="UTF-8"?>
<!-- Generated by org.testng.reporters.JUnitReportReporter -->
<testsuite hostname="marvin" name="com.example.tests.ContactCreation" tests="2" failures="0" timestamp="11 Mar 2014 23:56:51 GMT" time="4.567" errors="0">
  <testcase name="EmptyСontaсtСreation" time="2.189" classname="com.example.tests.ContactCreation"/>
  <testcase name="testСontaсtСreation" time="2.378" classname="com.example.tests.ContactCreation"/>
</testsuite> <!-- com.example.tests.ContactCreation -->
