<?xml version="1.0" encoding="UTF-8"?>
<!-- Generated by org.testng.reporters.JUnitReportReporter -->
<testsuite hostname="testing1" name="com.example.tests.GroupCreationTest" tests="1" failures="0" timestamp="26 Mar 2014 17:27:56 GMT" time="0.901" errors="0">
  <testcase name="testNonEmptyGroupCreation" time="0.901" classname="com.example.tests.GroupCreationTest"/>
</testsuite> <!-- com.example.tests.GroupCreationTest -->
