<?xml version="1.0" encoding="UTF-8"?>
<!-- Generated by org.testng.reporters.JUnitReportReporter -->
<testsuite hostname="marvin" name="com.example.tests.GroupCreationTest" tests="1" failures="0" timestamp="20 Apr 2014 22:22:29 GMT" time="2.700" errors="0">
  <testcase name="testGroupCreationWithValidData" time="2.700" classname="com.example.tests.GroupCreationTest"/>
</testsuite> <!-- com.example.tests.GroupCreationTest -->
