<?xml version="1.0" encoding="UTF-8"?>
<!-- Generated by org.testng.reporters.JUnitReportReporter -->
<testsuite hostname="marvin" name="com.example.tests.AlsoGroupCreationTests" tests="2" failures="0" timestamp="11 Mar 2014 21:32:02 GMT" time="2.721" errors="0">
  <testcase name="testEmptyGroupСreation" time="1.345" classname="com.example.tests.AlsoGroupCreationTests"/>
  <testcase name="testNonEmptyGroupСreation" time="1.376" classname="com.example.tests.AlsoGroupCreationTests"/>
</testsuite> <!-- com.example.tests.AlsoGroupCreationTests -->
