<?xml version="1.0" encoding="UTF-8"?>
<!-- Generated by org.testng.reporters.JUnitReportReporter -->
<testsuite hostname="marvin" name="com.example.tests.GroupRemovalTest" tests="1" failures="0" timestamp="27 Mar 2014 22:23:35 GMT" time="1.693" errors="0">
  <testcase name="deleteSomeGroup" time="1.693" classname="com.example.tests.GroupRemovalTest"/>
</testsuite> <!-- com.example.tests.GroupRemovalTest -->
