<?xml version="1.0" encoding="UTF-8"?>
<!-- Generated by org.testng.reporters.JUnitReportReporter -->
<testsuite hostname="marvin" name="com.example.tests.ContactCreationTest" tests="3" failures="0" timestamp="4 May 2014 08:51:03 GMT" time="15.527" errors="0">
  <testcase name="testContactCreation" time="10.766" classname="com.example.tests.ContactCreationTest"/>
  <testcase name="testContactCreation" time="2.426" classname="com.example.tests.ContactCreationTest"/>
  <testcase name="testContactCreation" time="2.335" classname="com.example.tests.ContactCreationTest"/>
</testsuite> <!-- com.example.tests.ContactCreationTest -->
