<?xml version="1.0" encoding="UTF-8"?>
<!-- Generated by org.testng.reporters.JUnitReportReporter -->
<testsuite hostname="marvin" name="com.example.tests.GroupCreationTests" tests="2" failures="0" timestamp="11 Mar 2014 21:12:46 GMT" time="3.260" errors="0">
  <testcase name="testNonEmptyGroupСreation" time="1.685" classname="com.example.tests.GroupCreationTests"/>
  <testcase name="testEmptyGroupСreation" time="1.575" classname="com.example.tests.GroupCreationTests"/>
</testsuite> <!-- com.example.tests.GroupCreationTests -->
