<?xml version="1.0" encoding="UTF-8"?>
<!-- Generated by org.testng.reporters.JUnitReportReporter -->
<testsuite hostname="marvin" name="com.example.tests.GroupModificationTest" tests="5" failures="0" timestamp="3 May 2014 23:02:32 GMT" time="10.192" errors="0">
  <testcase name="modifySomeGroup" time="1.332" classname="com.example.tests.GroupModificationTest"/>
  <testcase name="modifySomeGroup" time="1.319" classname="com.example.tests.GroupModificationTest"/>
  <testcase name="modifySomeGroup" time="1.284" classname="com.example.tests.GroupModificationTest"/>
  <testcase name="modifySomeGroup" time="5.063" classname="com.example.tests.GroupModificationTest"/>
  <testcase name="modifySomeGroup" time="1.194" classname="com.example.tests.GroupModificationTest"/>
</testsuite> <!-- com.example.tests.GroupModificationTest -->
