<?xml version="1.0" encoding="UTF-8"?>
<!-- Generated by org.testng.reporters.JUnitReportReporter -->
<testsuite hostname="testing1" name="com.example.tests.ContactModificationTest" tests="1" failures="0" timestamp="25 Mar 2014 13:44:48 GMT" time="0.680" errors="0">
  <testcase name="modifySomeContact" time="0.680" classname="com.example.tests.ContactModificationTest"/>
</testsuite> <!-- com.example.tests.ContactModificationTest -->
