<?xml version="1.0" encoding="UTF-8"?>
<!-- Generated by org.testng.reporters.JUnitReportReporter -->
<testsuite hostname="testing1" name="com.example.tests.GroupRemovalTest" tests="1" failures="0" timestamp="27 Mar 2014 16:53:07 GMT" time="1.069" errors="0">
  <testcase name="deleteSomeGroup" time="1.069" classname="com.example.tests.GroupRemovalTest"/>
</testsuite> <!-- com.example.tests.GroupRemovalTest -->
