<?xml version="1.0" encoding="UTF-8"?>
<!-- Generated by org.testng.reporters.JUnitReportReporter -->
<testsuite hostname="testing1" name="com.example.tests.EmptyGroupCreationTest" tests="1" failures="0" timestamp="14 Mar 2014 09:57:21 GMT" time="0.549" errors="0">
  <testcase name="testEmptyGroupCreation" time="0.549" classname="com.example.tests.EmptyGroupCreationTest"/>
</testsuite> <!-- com.example.tests.EmptyGroupCreationTest -->
