<?xml version="1.0" encoding="UTF-8"?>
<!-- Generated by org.testng.reporters.JUnitReportReporter -->
<testsuite hostname="marvin" name="com.example.tests.GroupRemovalTest" tests="1" failures="0" timestamp="3 May 2014 22:35:49 GMT" time="1.164" errors="0">
  <testcase name="deleteSomeGroup" time="1.164" classname="com.example.tests.GroupRemovalTest"/>
</testsuite> <!-- com.example.tests.GroupRemovalTest -->
