<?xml version="1.0" encoding="UTF-8"?>
<!-- Generated by org.testng.reporters.JUnitReportReporter -->
<testsuite hostname="marvin" name="com.example.tests.GroupCreationTests" tests="2" failures="0" timestamp="11 Mar 2014 21:32:02 GMT" time="3.187" errors="0">
  <testcase name="testEmptyGroupСreation" time="1.615" classname="com.example.tests.GroupCreationTests"/>
  <testcase name="testNonEmptyGroupСreation" time="1.572" classname="com.example.tests.GroupCreationTests"/>
</testsuite> <!-- com.example.tests.GroupCreationTests -->
