<?xml version="1.0" encoding="UTF-8"?>
<!-- Generated by org.testng.reporters.JUnitReportReporter -->
<testsuite hostname="marvin" name="com.example.tests.GroupModificationTest" tests="1" failures="0" timestamp="19 Mar 2014 19:27:41 GMT" time="2.460" errors="0">
  <testcase name="modifySomeGroup" time="2.460" classname="com.example.tests.GroupModificationTest"/>
</testsuite> <!-- com.example.tests.GroupModificationTest -->
