<?xml version="1.0" encoding="UTF-8"?>
<!-- Generated by org.testng.reporters.JUnitReportReporter -->
<testsuite hostname="marvin" name="com.example.tests.ContactModificationTest" tests="1" failures="0" timestamp="25 Mar 2014 22:50:37 GMT" time="0.830" errors="0">
  <testcase name="modifySomeContact" time="0.830" classname="com.example.tests.ContactModificationTest"/>
</testsuite> <!-- com.example.tests.ContactModificationTest -->
