<?xml version="1.0" encoding="UTF-8"?>
<!-- Generated by org.testng.reporters.JUnitReportReporter -->
<testsuite hostname="marvin" name="com.example.tests.GroupCreationTest" tests="1" failures="0" timestamp="3 May 2014 23:00:40 GMT" time="5.461" errors="0">
  <testcase name="testGroupCreationWithValidData" time="5.461" classname="com.example.tests.GroupCreationTest"/>
</testsuite> <!-- com.example.tests.GroupCreationTest -->
