<?xml version="1.0" encoding="UTF-8"?>
<!-- Generated by org.testng.reporters.JUnitReportReporter -->
<testsuite hostname="marvin" name="com.example.tests.NonEmptyGroupCreationTests" tests="1" failures="0" timestamp="12 Mar 2014 00:04:00 GMT" time="1.378" errors="0">
  <testcase name="testNonEmptyGroupÐ¡reation" time="1.378" classname="com.example.tests.NonEmptyGroupCreationTests"/>
</testsuite> <!-- com.example.tests.NonEmptyGroupCreationTests -->
