<?xml version="1.0" encoding="UTF-8"?>
<!-- Generated by org.testng.reporters.JUnitReportReporter -->
<testsuite hostname="marvin" name="com.example.tests.GroupCreationTest" tests="1" failures="0" timestamp="5 Apr 2014 23:08:37 GMT" time="1.551" errors="0">
  <testcase name="testGroupCreationWithValidData" time="1.551" classname="com.example.tests.GroupCreationTest"/>
</testsuite> <!-- com.example.tests.GroupCreationTest -->
