<?xml version="1.0" encoding="UTF-8"?>
<!-- Generated by org.testng.reporters.JUnitReportReporter -->
<testsuite hostname="marvin" name="com.example.tests.ContactCreationTest" tests="1" failures="0" timestamp="19 Mar 2014 19:27:41 GMT" time="4.574" errors="0">
  <testcase name="testContactCreation" time="4.574" classname="com.example.tests.ContactCreationTest"/>
</testsuite> <!-- com.example.tests.ContactCreationTest -->
