<?xml version="1.0" encoding="UTF-8"?>
<!-- Generated by org.testng.reporters.JUnitReportReporter -->
<testsuite hostname="marvin" name="com.example.tests.ContactRemovalTest" tests="1" failures="0" timestamp="25 Mar 2014 22:50:37 GMT" time="0.788" errors="0">
  <testcase name="deleteSomeContact" time="0.788" classname="com.example.tests.ContactRemovalTest"/>
</testsuite> <!-- com.example.tests.ContactRemovalTest -->
