<?xml version="1.0" encoding="UTF-8"?>
<!-- Generated by org.testng.reporters.JUnitReportReporter -->
<testsuite hostname="marvin" name="com.example.tests.EmptyGroupCreationTests" tests="1" failures="0" timestamp="11 Mar 2014 21:50:59 GMT" time="1.236" errors="0">
  <testcase name="testEmptyGroupÐ¡reation" time="1.236" classname="com.example.tests.EmptyGroupCreationTests"/>
</testsuite> <!-- com.example.tests.EmptyGroupCreationTests -->
