<?xml version="1.0" encoding="UTF-8"?>
<!-- Generated by org.testng.reporters.JUnitReportReporter -->
<testsuite hostname="testing1" name="com.example.tests.ContactRemovalTest" tests="1" failures="0" timestamp="27 Mar 2014 16:53:07 GMT" time="0.794" errors="0">
  <testcase name="deleteSomeContact" time="0.794" classname="com.example.tests.ContactRemovalTest"/>
</testsuite> <!-- com.example.tests.ContactRemovalTest -->
