<?xml version="1.0" encoding="UTF-8"?>
<!-- Generated by org.testng.reporters.JUnitReportReporter -->
<testsuite hostname="marvin" name="com.example.tests.ContactRemovalTest" tests="5" failures="0" timestamp="27 Mar 2014 23:31:06 GMT" time="4.898" errors="0">
  <testcase name="deleteSomeContact" time="1.120" classname="com.example.tests.ContactRemovalTest"/>
  <testcase name="deleteSomeContact" time="1.040" classname="com.example.tests.ContactRemovalTest"/>
  <testcase name="deleteSomeContact" time="0.750" classname="com.example.tests.ContactRemovalTest"/>
  <testcase name="deleteSomeContact" time="0.993" classname="com.example.tests.ContactRemovalTest"/>
  <testcase name="deleteSomeContact" time="0.995" classname="com.example.tests.ContactRemovalTest"/>
</testsuite> <!-- com.example.tests.ContactRemovalTest -->
