<?xml version="1.0" encoding="UTF-8"?>
<!-- Generated by org.testng.reporters.JUnitReportReporter -->
<testsuite hostname="marvin" name="com.example.tests.ContactModificationTest" tests="5" failures="0" timestamp="27 Mar 2014 23:31:06 GMT" time="11.758" errors="0">
  <testcase name="modifySomeContact" time="2.383" classname="com.example.tests.ContactModificationTest"/>
  <testcase name="modifySomeContact" time="2.265" classname="com.example.tests.ContactModificationTest"/>
  <testcase name="modifySomeContact" time="2.788" classname="com.example.tests.ContactModificationTest"/>
  <testcase name="modifySomeContact" time="1.970" classname="com.example.tests.ContactModificationTest"/>
  <testcase name="modifySomeContact" time="2.352" classname="com.example.tests.ContactModificationTest"/>
</testsuite> <!-- com.example.tests.ContactModificationTest -->
