<?xml version="1.0" encoding="UTF-8"?>
<!-- Generated by org.testng.reporters.JUnitReportReporter -->
<testsuite hostname="testing1" name="com.example.tests.GroupCreationTest" tests="1" failures="0" timestamp="13 Mar 2014 13:56:31 GMT" time="0.730" errors="0">
  <testcase name="testNonEmptyGroupCreation" time="0.730" classname="com.example.tests.GroupCreationTest"/>
</testsuite> <!-- com.example.tests.GroupCreationTest -->
