<?xml version="1.0" encoding="UTF-8"?>
<!-- Generated by org.testng.reporters.JUnitReportReporter -->
<testsuite hostname="marvin" name="com.example.tests.GroupModificationTest" tests="5" failures="0" timestamp="20 Apr 2014 15:56:41 GMT" time="10.546" errors="0">
  <testcase name="modifySomeGroup" time="1.777" classname="com.example.tests.GroupModificationTest"/>
  <testcase name="modifySomeGroup" time="1.912" classname="com.example.tests.GroupModificationTest"/>
  <testcase name="modifySomeGroup" time="2.405" classname="com.example.tests.GroupModificationTest"/>
  <testcase name="modifySomeGroup" time="1.683" classname="com.example.tests.GroupModificationTest"/>
  <testcase name="modifySomeGroup" time="2.769" classname="com.example.tests.GroupModificationTest"/>
</testsuite> <!-- com.example.tests.GroupModificationTest -->
