<?xml version="1.0" encoding="UTF-8"?>
<!-- Generated by org.testng.reporters.JUnitReportReporter -->
<testsuite hostname="marvin" name="com.example.tests.ContactCreationTest" tests="5" failures="0" timestamp="27 Mar 2014 23:35:57 GMT" time="17.647" errors="0">
  <testcase name="testContactCreation" time="3.525" classname="com.example.tests.ContactCreationTest"/>
  <testcase name="testContactCreation" time="3.548" classname="com.example.tests.ContactCreationTest"/>
  <testcase name="testContactCreation" time="3.782" classname="com.example.tests.ContactCreationTest"/>
  <testcase name="testContactCreation" time="3.270" classname="com.example.tests.ContactCreationTest"/>
  <testcase name="testContactCreation" time="3.522" classname="com.example.tests.ContactCreationTest"/>
</testsuite> <!-- com.example.tests.ContactCreationTest -->
