<?xml version="1.0" encoding="UTF-8"?>
<!-- Generated by org.testng.reporters.JUnitReportReporter -->
<testsuite hostname="marvin" name="com.example.tests.ContactModificationTest" tests="5" failures="0" timestamp="31 Mar 2014 21:32:04 GMT" time="165.968" errors="0">
  <testcase name="modifySomeContact" time="33.323" classname="com.example.tests.ContactModificationTest"/>
  <testcase name="modifySomeContact" time="33.522" classname="com.example.tests.ContactModificationTest"/>
  <testcase name="modifySomeContact" time="32.988" classname="com.example.tests.ContactModificationTest"/>
  <testcase name="modifySomeContact" time="33.040" classname="com.example.tests.ContactModificationTest"/>
  <testcase name="modifySomeContact" time="33.095" classname="com.example.tests.ContactModificationTest"/>
</testsuite> <!-- com.example.tests.ContactModificationTest -->
