<?xml version="1.0" encoding="UTF-8"?>
<!-- Generated by org.testng.reporters.JUnitReportReporter -->
<testsuite hostname="marvin" name="com.example.tests.GroupModificationTest" tests="5" failures="0" timestamp="27 Mar 2014 23:31:06 GMT" time="12.870" errors="0">
  <testcase name="modifySomeGroup" time="2.737" classname="com.example.tests.GroupModificationTest"/>
  <testcase name="modifySomeGroup" time="2.623" classname="com.example.tests.GroupModificationTest"/>
  <testcase name="modifySomeGroup" time="2.542" classname="com.example.tests.GroupModificationTest"/>
  <testcase name="modifySomeGroup" time="2.500" classname="com.example.tests.GroupModificationTest"/>
  <testcase name="modifySomeGroup" time="2.468" classname="com.example.tests.GroupModificationTest"/>
</testsuite> <!-- com.example.tests.GroupModificationTest -->
