<?xml version="1.0" encoding="UTF-8"?>
<!-- Generated by org.testng.reporters.JUnitReportReporter -->
<testsuite hostname="testing1" name="com.example.tests.ContactCreationTest" tests="1" failures="0" timestamp="26 Mar 2014 17:27:56 GMT" time="2.191" errors="0">
  <testcase name="testContactCreation" time="2.191" classname="com.example.tests.ContactCreationTest"/>
</testsuite> <!-- com.example.tests.ContactCreationTest -->
