<?xml version="1.0" encoding="UTF-8"?>
<!-- Generated by org.testng.reporters.JUnitReportReporter -->
<testsuite hostname="testing1" name="com.example.tests.GroupModificationTest" tests="5" failures="0" timestamp="27 Mar 2014 16:53:07 GMT" time="8.051" errors="0">
  <testcase name="modifySomeGroup" time="1.595" classname="com.example.tests.GroupModificationTest"/>
  <testcase name="modifySomeGroup" time="1.596" classname="com.example.tests.GroupModificationTest"/>
  <testcase name="modifySomeGroup" time="1.979" classname="com.example.tests.GroupModificationTest"/>
  <testcase name="modifySomeGroup" time="1.434" classname="com.example.tests.GroupModificationTest"/>
  <testcase name="modifySomeGroup" time="1.447" classname="com.example.tests.GroupModificationTest"/>
</testsuite> <!-- com.example.tests.GroupModificationTest -->
