<?xml version="1.0" encoding="UTF-8"?>
<!-- Generated by org.testng.reporters.JUnitReportReporter -->
<testsuite hostname="marvin" name="com.example.tests.EmptyContactCreationTest" tests="1" failures="0" timestamp="19 Mar 2014 19:27:41 GMT" time="1.740" errors="0">
  <testcase name="testEmptyContactCreation" time="1.740" classname="com.example.tests.EmptyContactCreationTest"/>
</testsuite> <!-- com.example.tests.EmptyContactCreationTest -->
