<?xml version="1.0" encoding="UTF-8"?>
<!-- Generated by org.testng.reporters.JUnitReportReporter -->
<testsuite hostname="marvin" name="com.example.tests.GroupModificationTest" tests="1" failures="0" timestamp="5 Apr 2014 23:08:37 GMT" time="1.526" errors="0">
  <testcase name="modifySomeGroup" time="1.526" classname="com.example.tests.GroupModificationTest"/>
</testsuite> <!-- com.example.tests.GroupModificationTest -->
