<?xml version="1.0" encoding="UTF-8"?>
<!-- Generated by org.testng.reporters.JUnitReportReporter -->
<testsuite hostname="testing1" name="com.example.tests.EmptyContactCreationTest" tests="1" failures="0" timestamp="14 Mar 2014 09:57:21 GMT" time="0.501" errors="0">
  <testcase name="testEmptyContaсtCreation" time="0.501" classname="com.example.tests.EmptyContactCreationTest"/>
</testsuite> <!-- com.example.tests.EmptyContactCreationTest -->
