<?xml version="1.0" encoding="UTF-8"?>
<!-- Generated by org.testng.reporters.JUnitReportReporter -->
<testsuite hostname="marvin" name="com.example.tests.ContactRemovalTest" tests="1" failures="0" timestamp="5 Apr 2014 23:08:37 GMT" time="31.359" errors="0">
  <testcase name="deleteSomeContact" time="31.359" classname="com.example.tests.ContactRemovalTest"/>
</testsuite> <!-- com.example.tests.ContactRemovalTest -->
