<?xml version="1.0" encoding="UTF-8"?>
<!-- Generated by org.testng.reporters.JUnitReportReporter -->
<testsuite hostname="testing1" name="com.example.tests.GroupCreationTest" tests="1" failures="0" timestamp="25 Mar 2014 15:00:50 GMT" time="1.503" errors="0">
  <testcase name="testNonEmptyGroupCreation" time="1.503" classname="com.example.tests.GroupCreationTest"/>
</testsuite> <!-- com.example.tests.GroupCreationTest -->
