<?xml version="1.0" encoding="UTF-8"?>
<!-- Generated by org.testng.reporters.JUnitReportReporter -->
<testsuite hostname="marvin" name="com.example.tests.EmptyGroupCreationTest" tests="1" failures="0" timestamp="27 Mar 2014 23:31:06 GMT" time="2.047" errors="0">
  <testcase name="testEmptyGroupCreation" time="2.047" classname="com.example.tests.EmptyGroupCreationTest"/>
</testsuite> <!-- com.example.tests.EmptyGroupCreationTest -->
