<?xml version="1.0" encoding="UTF-8"?>
<!-- Generated by org.testng.reporters.JUnitReportReporter -->
<testsuite hostname="testing1" name="com.example.tests.ContactCreationTest" tests="5" failures="0" timestamp="27 Mar 2014 16:53:07 GMT" time="9.437" errors="0">
  <testcase name="testContactCreation" time="1.478" classname="com.example.tests.ContactCreationTest"/>
  <testcase name="testContactCreation" time="1.846" classname="com.example.tests.ContactCreationTest"/>
  <testcase name="testContactCreation" time="1.603" classname="com.example.tests.ContactCreationTest"/>
  <testcase name="testContactCreation" time="2.315" classname="com.example.tests.ContactCreationTest"/>
  <testcase name="testContactCreation" time="2.195" classname="com.example.tests.ContactCreationTest"/>
</testsuite> <!-- com.example.tests.ContactCreationTest -->
