<?xml version="1.0" encoding="UTF-8"?>
<!-- Generated by org.testng.reporters.JUnitReportReporter -->
<testsuite hostname="testing1" name="com.example.tests.GroupModificationTest" tests="1" failures="0" timestamp="26 Mar 2014 17:27:56 GMT" time="0.874" errors="0">
  <testcase name="modifySomeGroup" time="0.874" classname="com.example.tests.GroupModificationTest"/>
</testsuite> <!-- com.example.tests.GroupModificationTest -->
