<?xml version="1.0" encoding="UTF-8"?>
<!-- Generated by org.testng.reporters.JUnitReportReporter -->
<testsuite hostname="marvin" name="com.example.tests.GroupRemovalTest" tests="1" failures="0" timestamp="5 Apr 2014 23:08:37 GMT" time="1.285" errors="0">
  <testcase name="deleteSomeGroup" time="1.285" classname="com.example.tests.GroupRemovalTest"/>
</testsuite> <!-- com.example.tests.GroupRemovalTest -->
