<?xml version="1.0" encoding="UTF-8"?>
<!-- Generated by org.testng.reporters.JUnitReportReporter -->
<testsuite hostname="marvin" name="com.example.tests.GroupModificationTest" tests="5" failures="0" timestamp="27 Mar 2014 22:23:35 GMT" time="12.413" errors="0">
  <testcase name="modifySomeGroup" time="2.245" classname="com.example.tests.GroupModificationTest"/>
  <testcase name="modifySomeGroup" time="2.623" classname="com.example.tests.GroupModificationTest"/>
  <testcase name="modifySomeGroup" time="2.435" classname="com.example.tests.GroupModificationTest"/>
  <testcase name="modifySomeGroup" time="2.677" classname="com.example.tests.GroupModificationTest"/>
  <testcase name="modifySomeGroup" time="2.433" classname="com.example.tests.GroupModificationTest"/>
</testsuite> <!-- com.example.tests.GroupModificationTest -->
