<?xml version="1.0" encoding="UTF-8"?>
<!-- Generated by org.testng.reporters.JUnitReportReporter -->
<testsuite hostname="testing1" name="com.example.tests.EmptyContactCreationTest" tests="1" failures="0" timestamp="13 Mar 2014 13:56:31 GMT" time="0.494" errors="0">
  <testcase name="testEmptyСontaсtСreation" time="0.494" classname="com.example.tests.EmptyContactCreationTest"/>
</testsuite> <!-- com.example.tests.EmptyContactCreationTest -->
