<?xml version="1.0" encoding="UTF-8"?>
<!-- Generated by org.testng.reporters.JUnitReportReporter -->
<testsuite hostname="marvin" name="com.example.tests.ContactCreationTest" tests="1" failures="0" timestamp="6 Apr 2014 02:32:55 GMT" time="3.197" errors="0">
  <testcase name="testContactCreation" time="3.197" classname="com.example.tests.ContactCreationTest"/>
</testsuite> <!-- com.example.tests.ContactCreationTest -->
