<?xml version="1.0" encoding="UTF-8"?>
<!-- Generated by org.testng.reporters.JUnitReportReporter -->
<testsuite hostname="marvin" name="com.example.tests.EmptyContactCreationTest" tests="1" failures="0" timestamp="27 Mar 2014 23:31:06 GMT" time="1.342" errors="0">
  <testcase name="testEmptyContactCreation" time="1.342" classname="com.example.tests.EmptyContactCreationTest"/>
</testsuite> <!-- com.example.tests.EmptyContactCreationTest -->
