<?xml version="1.0" encoding="UTF-8"?>
<!-- Generated by org.testng.reporters.JUnitReportReporter -->
<testsuite hostname="marvin" name="com.example.tests.EmptyGroupCreationTest" tests="1" failures="0" timestamp="27 Mar 2014 22:23:35 GMT" time="1.987" errors="0">
  <testcase name="testEmptyGroupCreation" time="1.987" classname="com.example.tests.EmptyGroupCreationTest"/>
</testsuite> <!-- com.example.tests.EmptyGroupCreationTest -->
