<?xml version="1.0" encoding="UTF-8"?>
<!-- Generated by org.testng.reporters.JUnitReportReporter -->
<testsuite hostname="marvin" name="com.example.tests.ContactModificationTest" tests="1" failures="0" timestamp="5 Apr 2014 23:08:37 GMT" time="62.489" errors="0">
  <testcase name="modifySomeContact" time="62.489" classname="com.example.tests.ContactModificationTest"/>
</testsuite> <!-- com.example.tests.ContactModificationTest -->
