<?xml version="1.0" encoding="UTF-8"?>
<!-- Generated by org.testng.reporters.JUnitReportReporter -->
<testsuite hostname="testing1" name="com.example.tests.ContactCreationTest" tests="1" failures="0" timestamp="25 Mar 2014 13:44:48 GMT" time="2.211" errors="0">
  <testcase name="testContactCreation" time="2.211" classname="com.example.tests.ContactCreationTest"/>
</testsuite> <!-- com.example.tests.ContactCreationTest -->
