<?xml version="1.0" encoding="UTF-8"?>
<!-- Generated by org.testng.reporters.JUnitReportReporter -->
<testsuite hostname="marvin" name="com.example.tests.EmptyGroupCreationTest" tests="1" failures="0" timestamp="19 Mar 2014 19:27:41 GMT" time="1.650" errors="0">
  <testcase name="testEmptyGroupCreation" time="1.650" classname="com.example.tests.EmptyGroupCreationTest"/>
</testsuite> <!-- com.example.tests.EmptyGroupCreationTest -->
