<?xml version="1.0" encoding="UTF-8"?>
<!-- Generated by org.testng.reporters.JUnitReportReporter -->
<testsuite hostname="marvin" name="com.example.tests.GroupCreationTest" tests="1" failures="0" timestamp="25 Mar 2014 22:50:37 GMT" time="1.915" errors="0">
  <testcase name="testNonEmptyGroupCreation" time="1.915" classname="com.example.tests.GroupCreationTest"/>
</testsuite> <!-- com.example.tests.GroupCreationTest -->
