<?xml version="1.0" encoding="UTF-8"?>
<!-- Generated by org.testng.reporters.JUnitReportReporter -->
<testsuite hostname="marvin" name="com.example.tests.ContactCreationTests" tests="1" failures="0" timestamp="11 Mar 2014 22:55:50 GMT" time="3.070" errors="0">
  <testcase name="testСontaсtСreation" time="3.070" classname="com.example.tests.ContactCreationTests"/>
</testsuite> <!-- com.example.tests.ContactCreationTests -->
