<?xml version="1.0" encoding="UTF-8"?>
<!-- Generated by org.testng.reporters.JUnitReportReporter -->
<testsuite hostname="testing1" name="com.example.tests.ContactCreationTest" tests="1" failures="0" timestamp="13 Mar 2014 13:56:31 GMT" time="2.290" errors="0">
  <testcase name="testСontaсtСreation" time="2.290" classname="com.example.tests.ContactCreationTest"/>
</testsuite> <!-- com.example.tests.ContactCreationTest -->
