<?xml version="1.0" encoding="UTF-8"?>
<!-- Generated by org.testng.reporters.JUnitReportReporter -->
<testsuite hostname="marvin" name="com.example.tests.ContactRemovalTest" tests="5" failures="0" timestamp="3 May 2014 23:45:27 GMT" time="13.007" errors="0">
  <testcase name="deleteSomeContact" time="1.020" classname="com.example.tests.ContactRemovalTest"/>
  <testcase name="deleteSomeContact" time="0.861" classname="com.example.tests.ContactRemovalTest"/>
  <testcase name="deleteSomeContact" time="0.740" classname="com.example.tests.ContactRemovalTest"/>
  <testcase name="deleteSomeContact" time="0.875" classname="com.example.tests.ContactRemovalTest"/>
  <testcase name="deleteSomeContact" time="9.511" classname="com.example.tests.ContactRemovalTest"/>
</testsuite> <!-- com.example.tests.ContactRemovalTest -->
