<?xml version="1.0" encoding="UTF-8"?>
<!-- Generated by org.testng.reporters.JUnitReportReporter -->
<testsuite hostname="marvin" name="com.example.tests.GroupCreationTest" tests="1" failures="0" timestamp="19 Mar 2014 19:27:41 GMT" time="2.340" errors="0">
  <testcase name="testNonEmptyGroupCreation" time="2.340" classname="com.example.tests.GroupCreationTest"/>
</testsuite> <!-- com.example.tests.GroupCreationTest -->
