<?xml version="1.0" encoding="UTF-8"?>
<!-- Generated by org.testng.reporters.JUnitReportReporter -->
<testsuite hostname="marvin" name="com.example.tests.EmptyContactCreation" tests="1" failures="0" timestamp="12 Mar 2014 00:04:00 GMT" time="1.925" errors="0">
  <testcase name="EmptyСontaсtСreation" time="1.925" classname="com.example.tests.EmptyContactCreation"/>
</testsuite> <!-- com.example.tests.EmptyContactCreation -->
