<?xml version="1.0" encoding="UTF-8"?>
<!-- Generated by org.testng.reporters.JUnitReportReporter -->
<testsuite hostname="testing1" name="com.example.tests.GroupRemovalTest" tests="1" failures="0" timestamp="26 Mar 2014 17:27:56 GMT" time="0.707" errors="0">
  <testcase name="deleteSomeGroup" time="0.707" classname="com.example.tests.GroupRemovalTest"/>
</testsuite> <!-- com.example.tests.GroupRemovalTest -->
