<?xml version="1.0" encoding="UTF-8"?>
<!-- Generated by org.testng.reporters.JUnitReportReporter -->
<testsuite hostname="marvin" name="com.example.tests.ContactCreationTest" tests="3" failures="0" timestamp="20 Apr 2014 22:39:35 GMT" time="9.263" errors="0">
  <testcase name="testContactCreation" time="2.522" classname="com.example.tests.ContactCreationTest"/>
  <testcase name="testContactCreation" time="3.878" classname="com.example.tests.ContactCreationTest"/>
  <testcase name="testContactCreation" time="2.863" classname="com.example.tests.ContactCreationTest"/>
</testsuite> <!-- com.example.tests.ContactCreationTest -->
