<?xml version="1.0" encoding="UTF-8"?>
<!-- Generated by org.testng.reporters.JUnitReportReporter -->
<testsuite hostname="marvin" name="com.example.tests.EmptyContactCreationTest" tests="1" failures="0" timestamp="25 Mar 2014 22:50:37 GMT" time="1.155" errors="0">
  <testcase name="testEmptyContactCreation" time="1.155" classname="com.example.tests.EmptyContactCreationTest"/>
</testsuite> <!-- com.example.tests.EmptyContactCreationTest -->
