<?xml version="1.0" encoding="UTF-8"?>
<!-- Generated by org.testng.reporters.JUnitReportReporter -->
<testsuite hostname="marvin" name="com.example.tests.ContactCreationTest" tests="1" failures="0" timestamp="5 Apr 2014 23:08:37 GMT" time="3.388" errors="0">
  <testcase name="testContactCreation" time="3.388" classname="com.example.tests.ContactCreationTest"/>
</testsuite> <!-- com.example.tests.ContactCreationTest -->
