<?xml version="1.0" encoding="UTF-8"?>
<!-- Generated by org.testng.reporters.JUnitReportReporter -->
<testsuite hostname="marvin" name="com.example.tests.NonEmptyContactCreation" tests="1" failures="0" timestamp="12 Mar 2014 00:04:00 GMT" time="2.662" errors="0">
  <testcase name="testСontaсtСreation" time="2.662" classname="com.example.tests.NonEmptyContactCreation"/>
</testsuite> <!-- com.example.tests.NonEmptyContactCreation -->
