<?xml version="1.0" encoding="UTF-8"?>
<!-- Generated by org.testng.reporters.JUnitReportReporter -->
<testsuite hostname="testing1" name="com.example.tests.EmptyGroupCreationTest" tests="1" failures="0" timestamp="13 Mar 2014 14:11:22 GMT" time="0.955" errors="0">
  <testcase name="testEmptyGroupCreation" time="0.955" classname="com.example.tests.EmptyGroupCreationTest"/>
</testsuite> <!-- com.example.tests.EmptyGroupCreationTest -->
