<?xml version="1.0" encoding="UTF-8"?>
<!-- Generated by org.testng.reporters.JUnitReportReporter -->
<testsuite hostname="testing1" name="com.example.tests.EmptyContactCreationTest" tests="1" failures="0" timestamp="25 Mar 2014 13:44:48 GMT" time="0.504" errors="0">
  <testcase name="testEmptyContactCreation" time="0.504" classname="com.example.tests.EmptyContactCreationTest"/>
</testsuite> <!-- com.example.tests.EmptyContactCreationTest -->
