<?xml version="1.0" encoding="UTF-8"?>
<!-- Generated by org.testng.reporters.JUnitReportReporter -->
<testsuite hostname="marvin" name="com.example.tests.ContactCreationTest" tests="5" failures="0" timestamp="31 Mar 2014 21:28:07 GMT" time="19.965" errors="0">
  <testcase name="testContactCreation" time="3.755" classname="com.example.tests.ContactCreationTest"/>
  <testcase name="testContactCreation" time="4.330" classname="com.example.tests.ContactCreationTest"/>
  <testcase name="testContactCreation" time="4.075" classname="com.example.tests.ContactCreationTest"/>
  <testcase name="testContactCreation" time="4.245" classname="com.example.tests.ContactCreationTest"/>
  <testcase name="testContactCreation" time="3.560" classname="com.example.tests.ContactCreationTest"/>
</testsuite> <!-- com.example.tests.ContactCreationTest -->
