<?xml version="1.0" encoding="UTF-8"?>
<!-- Generated by org.testng.reporters.JUnitReportReporter -->
<testsuite hostname="marvin" name="com.example.tests.ContactRemovalTest" tests="5" failures="0" timestamp="31 Mar 2014 21:28:52 GMT" time="9.281" errors="0">
  <testcase name="deleteSomeContact" time="1.875" classname="com.example.tests.ContactRemovalTest"/>
  <testcase name="deleteSomeContact" time="1.773" classname="com.example.tests.ContactRemovalTest"/>
  <testcase name="deleteSomeContact" time="2.105" classname="com.example.tests.ContactRemovalTest"/>
  <testcase name="deleteSomeContact" time="1.788" classname="com.example.tests.ContactRemovalTest"/>
  <testcase name="deleteSomeContact" time="1.740" classname="com.example.tests.ContactRemovalTest"/>
</testsuite> <!-- com.example.tests.ContactRemovalTest -->
